文件：eeprom.c     编译器版本 HGASM 0202 页次1


   1  0000              ; Generated by holtek-gcc v3.19, Wed Jan 27 13:56:24 2021
   2  0000              ; 
   3  0000              ; Configuration:
   4  0000              ;       without long instruction
   5  0000              ;       Single ROM, Multi-RAM
   6  0000              ;       bits_per_rom_unit:16
   7  0000              ;       with mp1
   8  0000              ;       with tbhp, address(0x9)
   9  0000              ;          Use tabrd-const
  10  0000              ;       
  11  0000              ;       
  12  0000              ;       
  13  0000              ; use 'tabrdc' instead of 'tabrd'
  14  0000              ;       
  15  0000              
  16  0000              #pragma translator "holtek-gcc 4.6.4" "3.19" "build 20130711"
  17  0000              ; Rebuild 718
  18  0000              
  19  0000              ir equ [2]
  20  0000              mp equ [3]
  21  0000              sbp equ [1]
  22  0000              acc equ [5]
  23  0000              bp equ [4]
  24  0000              tblp equ [7]
  25  0000              tbhp equ [9]
  26  0000              status equ [10]
  27  0000              c equ [10].0
  28  0000              ac equ [10].1
  29  0000              z equ [10].2
  30  0000              ov equ [10].3
  31  0000              intc equ [11]
  32  0000              
  33  0000              extern ra:byte
  34  0000              extern rb:byte
  35  0000              extern rc:byte
  36  0000              extern rd:byte
  37  0000              extern re:byte
  38  0000              extern rf:byte
  39  0000              extern rg:byte
  40  0000              extern rh:byte
  41  0000              extern _Crom2Prom:near
  42  0000              extern _Crom2PromNext:near
  43  0000              
  44  0000              RAMBANK 0 @HCCINIT, @HCCINIT0
  45  0000              
  46  0000              RAMBANK 0 @BITDATASEC, @BITDATASEC1
  47  0000              @HCCINIT	.section 'data'
  48  0000              @HCCINIT0	.section 'data'
  49  0000              @BITDATASEC	 .section 'data'
  50  0000              @BITDATASEC1	 .section 'data'
  51  0000              
  52  0000              #pragma debug scope 1 1
  53  0000              	extern __DELAY3:near
  54  0000              	extern __DELAYX3:near
  55  0000              	extern __DELAYX6:near
  56  0000              	extern __DELAYY5:near
  57  0000              	extern __DELAYY3:near
  58  0000              	extern _builtin_holtek_delay_2:byte
  59  0000              ___eea equ [30]
文件：eeprom.ASM   编译器版本 HGASM 0202 页次2

  60  0000              ___eed equ [31]
  61  0000              ___mp1 equ [3]
  62  0000              ___bp equ [4]
  63  0000              ___intc0 equ [14]
  64  0000              ___iar1 equ [2]
  65  0000              public _eeprom_Write
  66  0000              #pragma debug scope 2 1

   8  0000              #line 8 "E:\jim\project\A2021\RF392\copy from pc\RF392A003_V01\lt8920\eeprom.c"
   8  0000              _eeprom_Write .section 'code'
   8  0000              _eeprom_Write proc
  10  0000              #line 10 "E:\jim\project\A2021\RF392\copy from pc\RF392A003_V01\lt8920\eeprom.c"
  10  0000  0700     R  	mov a,_EE_write_addr[0]
  10  0001  009E        	mov [30],a
  11  0002              #line 11 "E:\jim\project\A2021\RF392\copy from pc\RF392A003_V01\lt8920\eeprom.c"
  11  0002  0700     R  	mov a,_EE_write_data[0]
  11  0003  009F        	mov [31],a
  13  0004              #line 13 "E:\jim\project\A2021\RF392\copy from pc\RF392A003_V01\lt8920\eeprom.c"
  13  0004  0F40        	mov a,64
  13  0005  0083        	mov [3],a
  14  0006              #line 14 "E:\jim\project\A2021\RF392\copy from pc\RF392A003_V01\lt8920\eeprom.c"
  14  0006  0F01        	mov a,1
  14  0007  0084        	mov [4],a
  16  0008              #line 16 "E:\jim\project\A2021\RF392\copy from pc\RF392A003_V01\lt8920\eeprom.c"
  16  0008  340E        	clr [14].0
  18  0009              #line 18 "E:\jim\project\A2021\RF392\copy from pc\RF392A003_V01\lt8920\eeprom.c"
  18  0009  3182        	set [2].3
  19  000A              #line 19 "E:\jim\project\A2021\RF392\copy from pc\RF392A003_V01\lt8920\eeprom.c"
  19  000A  3102        	set [2].2
  21  000B              #line 21 "E:\jim\project\A2021\RF392\copy from pc\RF392A003_V01\lt8920\eeprom.c"
  21  000B  300E        	set [14].0
  21  000C              _L2:
  22  000C              #line 22 "E:\jim\project\A2021\RF392\copy from pc\RF392A003_V01\lt8920\eeprom.c"
  22  000C  3902        	snz [2].2
  22  000D  2800     R  	jmp _L5
  24  000E              #line 24 "E:\jim\project\A2021\RF392\copy from pc\RF392A003_V01\lt8920\eeprom.c"
  24  000E              ;# 24 "E:\jim\project\A2021\RF392\copy from pc\RF392A003_V01\lt8920\eeprom.c" 1
  24  000E  0001        	clr wdt
  25  000F              #line 25 "E:\jim\project\A2021\RF392\copy from pc\RF392A003_V01\lt8920\eeprom.c"
  25  000F              ;# 25 "E:\jim\project\A2021\RF392\copy from pc\RF392A003_V01\lt8920\eeprom.c" 1
  25  000F  0005        	clr wdt2
  26  0010              #line 26 "E:\jim\project\A2021\RF392\copy from pc\RF392A003_V01\lt8920\eeprom.c"
  26  0010              ;# 26 "E:\jim\project\A2021\RF392\copy from pc\RF392A003_V01\lt8920\eeprom.c" 1
  26  0010  0001        	clr wdt1
  26  0011  2800     R  	jmp _L2
  26  0012              _L5:
  28  0012              #line 28 "E:\jim\project\A2021\RF392\copy from pc\RF392A003_V01\lt8920\eeprom.c"
  28  0012  1F02        	clr [2]
  29  0013              #line 29 "E:\jim\project\A2021\RF392\copy from pc\RF392A003_V01\lt8920\eeprom.c"
  29  0013  1F04        	clr [4]
  29  0014  0003        	ret
  29  0015              _eeprom_Write endp
  29  0015              #line 29 "E:\jim\project\A2021\RF392\copy from pc\RF392A003_V01\lt8920\eeprom.c"
  29  0015              #pragma debug scope 1 1
  29  0015              public _eeprom_Read
  29  0015              #pragma debug scope 3 1
  35  0015              #line 35 "E:\jim\project\A2021\RF392\copy from pc\RF392A003_V01\lt8920\eeprom.c"
  35  0000              _eeprom_Read .section 'code'
  35  0000              _eeprom_Read proc
  37  0000              #line 37 "E:\jim\project\A2021\RF392\copy from pc\RF392A003_V01\lt8920\eeprom.c"
文件：eeprom.c     编译器版本 HGASM 0202 页次3

  37  0000  0700     R  	mov a,_EE_read_addr[0]
  37  0001  009E        	mov [30],a
  38  0002              #line 38 "E:\jim\project\A2021\RF392\copy from pc\RF392A003_V01\lt8920\eeprom.c"
  38  0002  0F40        	mov a,64
  38  0003  0083        	mov [3],a
  39  0004              #line 39 "E:\jim\project\A2021\RF392\copy from pc\RF392A003_V01\lt8920\eeprom.c"
  39  0004  0F01        	mov a,1
  39  0005  0084        	mov [4],a
  41  0006              #line 41 "E:\jim\project\A2021\RF392\copy from pc\RF392A003_V01\lt8920\eeprom.c"
  41  0006  3082        	set [2].1
  42  0007              #line 42 "E:\jim\project\A2021\RF392\copy from pc\RF392A003_V01\lt8920\eeprom.c"
  42  0007  3002        	set [2].0
  42  0008              _L7:
  43  0008              #line 43 "E:\jim\project\A2021\RF392\copy from pc\RF392A003_V01\lt8920\eeprom.c"
  43  0008  3802        	snz [2].0
  43  0009  2800     R  	jmp _L9
  45  000A              #line 45 "E:\jim\project\A2021\RF392\copy from pc\RF392A003_V01\lt8920\eeprom.c"
  45  000A              ;# 45 "E:\jim\project\A2021\RF392\copy from pc\RF392A003_V01\lt8920\eeprom.c" 1
  45  000A  0001        	clr wdt
  46  000B              #line 46 "E:\jim\project\A2021\RF392\copy from pc\RF392A003_V01\lt8920\eeprom.c"
  46  000B              ;# 46 "E:\jim\project\A2021\RF392\copy from pc\RF392A003_V01\lt8920\eeprom.c" 1
  46  000B  0005        	clr wdt2
  47  000C              #line 47 "E:\jim\project\A2021\RF392\copy from pc\RF392A003_V01\lt8920\eeprom.c"
  47  000C              ;# 47 "E:\jim\project\A2021\RF392\copy from pc\RF392A003_V01\lt8920\eeprom.c" 1
  47  000C  0001        	clr wdt1
  47  000D  2800     R  	jmp _L7
  47  000E              _L9:
  49  000E              #line 49 "E:\jim\project\A2021\RF392\copy from pc\RF392A003_V01\lt8920\eeprom.c"
  49  000E  1F02        	clr [2]
  50  000F              #line 50 "E:\jim\project\A2021\RF392\copy from pc\RF392A003_V01\lt8920\eeprom.c"
  50  000F  1F04        	clr [4]
  52  0010              #line 52 "E:\jim\project\A2021\RF392\copy from pc\RF392A003_V01\lt8920\eeprom.c"
  52  0010  071F        	mov a,[31]
  52  0011  0080     E  	mov ra,a
  53  0012              #line 53 "E:\jim\project\A2021\RF392\copy from pc\RF392A003_V01\lt8920\eeprom.c"
  53  0012  0700     E  	mov a,ra
  53  0013  0003        	ret
  53  0014              _eeprom_Read endp
  53  0014              #line 53 "E:\jim\project\A2021\RF392\copy from pc\RF392A003_V01\lt8920\eeprom.c"
  53  0014              #pragma debug scope 1 1
  53  0014              public _EE_read_addr
  53  0000              @HCCINIT	.section 'data'
   5  0000              #line 5 "E:\jim\project\A2021\RF392\copy from pc\RF392A003_V01\lt8920\eeprom.c"
   5  0000              @HCCINIT .section 'data'
   5  0000              _EE_read_addr label byte
   5  0000              #pragma debug variable 8 1 _EE_read_addr "EE_read_addr"
   5  0000              	db 0
   5  0000              @ROMDATA_BASE .section inpage 'code'
   5  0000              	db 0
   5  0001              @HCCINIT .section 'data'
   5  0001              public _EE_write_data
   4  0001              #line 4 "E:\jim\project\A2021\RF392\copy from pc\RF392A003_V01\lt8920\eeprom.c"
   4  0001              @HCCINIT .section 'data'
   4  0001              _EE_write_data label byte
   4  0001              #pragma debug variable 8 1 _EE_write_data "EE_write_data"
   4  0001              	db 0
   4  0001              @ROMDATA_BASE .section inpage 'code'
   4  0001              	db 0
   4  0002              @HCCINIT .section 'data'
   4  0002              public _EE_write_addr
文件：eeprom.c     编译器版本 HGASM 0202 页次4

   3  0002              #line 3 "E:\jim\project\A2021\RF392\copy from pc\RF392A003_V01\lt8920\eeprom.c"
   3  0002              @HCCINIT .section 'data'
   3  0002              _EE_write_addr label byte
   3  0002              #pragma debug variable 8 1 _EE_write_addr "EE_write_addr"
   3  0002              	db 0
   3  0001              @ROMDATA_BASE .section inpage 'code'
   3  0001              	db 0
   3  0003              @HCCINIT .section 'data'
   3  0003              #pragma debug variable 8 1 ___mp1 "__mp1" 1
   3  0003              #pragma debug struct_end
   3  0003              #pragma debug struct_end
   3  0003              #pragma debug union_end
   3  0003              #pragma debug union_end
   3  0003              #pragma debug variable 43 1 ___bp "__bp" 1
   3  0003              #pragma debug struct_end
   3  0003              #pragma debug struct_end
   3  0003              #pragma debug union_end
   3  0003              #pragma debug union_end
   3  0003              #pragma debug variable 45 1 ___intc0 "__intc0" 1
   3  0003              #pragma debug struct_end
   3  0003              #pragma debug struct_end
   3  0003              #pragma debug union_end
   3  0003              #pragma debug union_end
   3  0003              #pragma debug variable 47 1 ___eea "__eea" 1
   3  0003              #pragma debug variable 8 1 ___eed "__eed" 1
   3  0003              #pragma debug variable 8 1 ___iar1 "__iar1" 1
   3  0003              
   3  0003              ; 
   3  0003              ; Generated by holtek-gcc v3.19, Wed Jan 27 13:56:24 2021
   3  0003              ; Rebuild 718
   3  0003              ; end of file


        0 Errors, 0