文件：LT8920.c     编译器版本 HGASM 0202 页次1


   1  0000              ; Generated by holtek-gcc v3.19, Wed Jan 27 13:56:23 2021
   2  0000              ; 
   3  0000              ; Configuration:
   4  0000              ;       without long instruction
   5  0000              ;       Single ROM, Multi-RAM
   6  0000              ;       bits_per_rom_unit:16
   7  0000              ;       with mp1
   8  0000              ;       with tbhp, address(0x9)
   9  0000              ;          Use tabrd-const
  10  0000              ;       
  11  0000              ;       
  12  0000              ;       
  13  0000              ; use 'tabrdc' instead of 'tabrd'
  14  0000              ;       
  15  0000              
  16  0000              #pragma translator "holtek-gcc 4.6.4" "3.19" "build 20130711"
  17  0000              ; Rebuild 718
  18  0000              
  19  0000              ir equ [2]
  20  0000              mp equ [3]
  21  0000              sbp equ [1]
  22  0000              acc equ [5]
  23  0000              bp equ [4]
  24  0000              tblp equ [7]
  25  0000              tbhp equ [9]
  26  0000              status equ [10]
  27  0000              c equ [10].0
  28  0000              ac equ [10].1
  29  0000              z equ [10].2
  30  0000              ov equ [10].3
  31  0000              intc equ [11]
  32  0000              
  33  0000              extern ra:byte
  34  0000              extern rb:byte
  35  0000              extern rc:byte
  36  0000              extern rd:byte
  37  0000              extern re:byte
  38  0000              extern rf:byte
  39  0000              extern rg:byte
  40  0000              extern rh:byte
  41  0000              extern _Crom2Prom:near
  42  0000              extern _Crom2PromNext:near
  43  0000              
  44  0000              RAMBANK 0 @HCCINIT, @HCCINIT0
  45  0000              
  46  0000              RAMBANK 0 @BITDATASEC, @BITDATASEC1
  47  0000              @HCCINIT	.section 'data'
  48  0000              @HCCINIT0	.section 'data'
  49  0000              @BITDATASEC	 .section 'data'
  50  0000              @BITDATASEC1	 .section 'data'
  51  0000              
  52  0000              #pragma debug scope 1 1
  53  0000              	extern __DELAY3:near
  54  0000              	extern __DELAYX3:near
  55  0000              	extern __DELAYX6:near
  56  0000              	extern __DELAYY5:near
  57  0000              	extern __DELAYY3:near
  58  0000              	extern _builtin_holtek_delay_2:byte
  59  0000              ___pdpu equ [55]
文件：LT8920.ASM   编译器版本 HGASM 0202 页次2

  60  0000              ___pdc equ [54]
  61  0000              ___pd equ [53]
  62  0000              ___papu equ [22]
  63  0000              ___pac equ [21]
  64  0000              ___pa equ [20]
  65  0000              public _SPI_WriteReg
  66  0000              #pragma debug scope 2 1

 140  0000              #line 140 "E:\jim\project\A2021\RF392\copy from pc\RF392A003_V01\lt8920\LT8920.c"
 140  0000              _SPI_WriteReg .section 'code'
 140  0000              _SPI_WriteReg proc
 143  0000              #line 143 "E:\jim\project\A2021\RF392\copy from pc\RF392A003_V01\lt8920\LT8920.c"
 143  0000              ;# 143 "E:\jim\project\A2021\RF392\copy from pc\RF392A003_V01\lt8920\LT8920.c" 1
 143  0000  0000        	nop
 143  0001  3637        	clr [55].4
 143  0002  3636        	clr [54].4
 143  0003  3635        	clr [53].4
 144  0004              #line 144 "E:\jim\project\A2021\RF392\copy from pc\RF392A003_V01\lt8920\LT8920.c"
 144  0004              ;# 144 "E:\jim\project\A2021\RF392\copy from pc\RF392A003_V01\lt8920\LT8920.c" 1
 144  0004  0000        	nop
 144  0005  3437        	clr [55].0
 144  0006  3436        	clr [54].0
 144  0007  3435        	clr [53].0
 145  0008              #line 145 "E:\jim\project\A2021\RF392\copy from pc\RF392A003_V01\lt8920\LT8920.c"
 145  0008              ;# 145 "E:\jim\project\A2021\RF392\copy from pc\RF392A003_V01\lt8920\LT8920.c" 1
 145  0008  0000        	nop
 145  0009  3796        	clr [22].7
 145  000A  3795        	clr [21].7
 145  000B  3794        	clr [20].7
 147  000C              #line 147 "E:\jim\project\A2021\RF392\copy from pc\RF392A003_V01\lt8920\LT8920.c"
 147  000C  1F00     R  	clr _spicount[0]
 147  000D              _L2:
 147  000D              #line 147 "E:\jim\project\A2021\RF392\copy from pc\RF392A003_V01\lt8920\LT8920.c"
 147  000D  0F07        	mov a,7
 147  000E  0200     R  	sub a,_spicount[0]
 147  000F  380A        	snz c
 147  0010  2800     R  	jmp _L15
 150  0011              #line 150 "E:\jim\project\A2021\RF392\copy from pc\RF392A003_V01\lt8920\LT8920.c"
 150  0011  3800     R  	snz _it8920reg[0].7
 150  0012  2800     R  	jmp _L3
 152  0013              #line 152 "E:\jim\project\A2021\RF392\copy from pc\RF392A003_V01\lt8920\LT8920.c"
 152  0013  3035        	set [53].0
 152  0014  2800     R  	jmp _L4
 152  0015              _L3:
 156  0015              #line 156 "E:\jim\project\A2021\RF392\copy from pc\RF392A003_V01\lt8920\LT8920.c"
 156  0015  3435        	clr [53].0
 156  0016              _L4:
 159  0016              #line 159 "E:\jim\project\A2021\RF392\copy from pc\RF392A003_V01\lt8920\LT8920.c"
 159  0016  3235        	set [53].4
 160  0017              #line 160 "E:\jim\project\A2021\RF392\copy from pc\RF392A003_V01\lt8920\LT8920.c"
 160  0017  3635        	clr [53].4
 162  0018              #line 162 "E:\jim\project\A2021\RF392\copy from pc\RF392A003_V01\lt8920\LT8920.c"
 162  0018  0700     R  	mov a,_it8920reg[0]
 162  0019  0380     R  	addm a,_it8920reg[0]
 147  001A              #line 147 "E:\jim\project\A2021\RF392\copy from pc\RF392A003_V01\lt8920\LT8920.c"
 147  001A  1480     R  	inc _spicount[0]
 147  001B  2800     R  	jmp _L2
 147  001C              _L15:
 165  001C              #line 165 "E:\jim\project\A2021\RF392\copy from pc\RF392A003_V01\lt8920\LT8920.c"
 165  001C  1F00     R  	clr _spicount[0]
文件：LT8920.c     编译器版本 HGASM 0202 页次3

 165  001D              _L6:
 165  001D  0F07        	mov a,7
 165  001E  0200     R  	sub a,_spicount[0]
 165  001F  380A        	snz c
 165  0020  2800     R  	jmp _L16
 169  0021              #line 169 "E:\jim\project\A2021\RF392\copy from pc\RF392A003_V01\lt8920\LT8920.c"
 169  0021  3800     R  	snz _reghighvalue[0].7
 169  0022  2800     R  	jmp _L7
 171  0023              #line 171 "E:\jim\project\A2021\RF392\copy from pc\RF392A003_V01\lt8920\LT8920.c"
 171  0023  3035        	set [53].0
 171  0024  2800     R  	jmp _L8
 171  0025              _L7:
 175  0025              #line 175 "E:\jim\project\A2021\RF392\copy from pc\RF392A003_V01\lt8920\LT8920.c"
 175  0025  3435        	clr [53].0
 175  0026              _L8:
 178  0026              #line 178 "E:\jim\project\A2021\RF392\copy from pc\RF392A003_V01\lt8920\LT8920.c"
 178  0026  3235        	set [53].4
 179  0027              #line 179 "E:\jim\project\A2021\RF392\copy from pc\RF392A003_V01\lt8920\LT8920.c"
 179  0027  3635        	clr [53].4
 181  0028              #line 181 "E:\jim\project\A2021\RF392\copy from pc\RF392A003_V01\lt8920\LT8920.c"
 181  0028  0700     R  	mov a,_reghighvalue[0]
 181  0029  0380     R  	addm a,_reghighvalue[0]
 165  002A              #line 165 "E:\jim\project\A2021\RF392\copy from pc\RF392A003_V01\lt8920\LT8920.c"
 165  002A  1480     R  	inc _spicount[0]
 165  002B  2800     R  	jmp _L6
 165  002C              _L16:
 184  002C              #line 184 "E:\jim\project\A2021\RF392\copy from pc\RF392A003_V01\lt8920\LT8920.c"
 184  002C  1F00     R  	clr _spicount[0]
 184  002D              _L10:
 184  002D  0F07        	mov a,7
 184  002E  0200     R  	sub a,_spicount[0]
 184  002F  380A        	snz c
 184  0030  2800     R  	jmp _L17
 187  0031              #line 187 "E:\jim\project\A2021\RF392\copy from pc\RF392A003_V01\lt8920\LT8920.c"
 187  0031  3800     R  	snz _reglowvalue[0].7
 187  0032  2800     R  	jmp _L11
 189  0033              #line 189 "E:\jim\project\A2021\RF392\copy from pc\RF392A003_V01\lt8920\LT8920.c"
 189  0033  3035        	set [53].0
 189  0034  2800     R  	jmp _L12
 189  0035              _L11:
 193  0035              #line 193 "E:\jim\project\A2021\RF392\copy from pc\RF392A003_V01\lt8920\LT8920.c"
 193  0035  3435        	clr [53].0
 193  0036              _L12:
 195  0036              #line 195 "E:\jim\project\A2021\RF392\copy from pc\RF392A003_V01\lt8920\LT8920.c"
 195  0036  3235        	set [53].4
 196  0037              #line 196 "E:\jim\project\A2021\RF392\copy from pc\RF392A003_V01\lt8920\LT8920.c"
 196  0037  3635        	clr [53].4
 198  0038              #line 198 "E:\jim\project\A2021\RF392\copy from pc\RF392A003_V01\lt8920\LT8920.c"
 198  0038  0700     R  	mov a,_reglowvalue[0]
 198  0039  0380     R  	addm a,_reglowvalue[0]
 184  003A              #line 184 "E:\jim\project\A2021\RF392\copy from pc\RF392A003_V01\lt8920\LT8920.c"
 184  003A  1480     R  	inc _spicount[0]
 184  003B  2800     R  	jmp _L10
 184  003C              _L17:
 201  003C              #line 201 "E:\jim\project\A2021\RF392\copy from pc\RF392A003_V01\lt8920\LT8920.c"
 201  003C  3394        	set [20].7
 201  003D  0003        	ret
 201  003E              _SPI_WriteReg endp
 201  003E              #line 201 "E:\jim\project\A2021\RF392\copy from pc\RF392A003_V01\lt8920\LT8920.c"
 201  003E              #pragma debug scope 1 1
文件：LT8920.c     编译器版本 HGASM 0202 页次4

 201  003E              public _SPI_WriteFifo
 201  003E              #pragma debug scope 3 1
 210  003E              #line 210 "E:\jim\project\A2021\RF392\copy from pc\RF392A003_V01\lt8920\LT8920.c"
 210  0000              _SPI_WriteFifo .section 'code'
 210  0000              _SPI_WriteFifo proc
 213  0000              #line 213 "E:\jim\project\A2021\RF392\copy from pc\RF392A003_V01\lt8920\LT8920.c"
 213  0000              ;# 213 "E:\jim\project\A2021\RF392\copy from pc\RF392A003_V01\lt8920\LT8920.c" 1
 213  0000  0000        	nop
 213  0001  3637        	clr [55].4
 213  0002  3636        	clr [54].4
 213  0003  3635        	clr [53].4
 214  0004              #line 214 "E:\jim\project\A2021\RF392\copy from pc\RF392A003_V01\lt8920\LT8920.c"
 214  0004              ;# 214 "E:\jim\project\A2021\RF392\copy from pc\RF392A003_V01\lt8920\LT8920.c" 1
 214  0004  0000        	nop
 214  0005  3437        	clr [55].0
 214  0006  3436        	clr [54].0
 214  0007  3435        	clr [53].0
 215  0008              #line 215 "E:\jim\project\A2021\RF392\copy from pc\RF392A003_V01\lt8920\LT8920.c"
 215  0008              ;# 215 "E:\jim\project\A2021\RF392\copy from pc\RF392A003_V01\lt8920\LT8920.c" 1
 215  0008  0000        	nop
 215  0009  3796        	clr [22].7
 215  000A  3795        	clr [21].7
 215  000B  3794        	clr [20].7
 216  000C              #line 216 "E:\jim\project\A2021\RF392\copy from pc\RF392A003_V01\lt8920\LT8920.c"
 216  000C  0F32        	mov a,50
 216  000D  0080     R  	mov _it8920reg[0],a
 217  000E              #line 217 "E:\jim\project\A2021\RF392\copy from pc\RF392A003_V01\lt8920\LT8920.c"
 217  000E  1F00     R  	clr _spicount[0]
 217  000F              _L19:
 217  000F              #line 217 "E:\jim\project\A2021\RF392\copy from pc\RF392A003_V01\lt8920\LT8920.c"
 217  000F  0F07        	mov a,7
 217  0010  0200     R  	sub a,_spicount[0]
 217  0011  380A        	snz c
 217  0012  2800     R  	jmp _L33
 220  0013              #line 220 "E:\jim\project\A2021\RF392\copy from pc\RF392A003_V01\lt8920\LT8920.c"
 220  0013  3800     R  	snz _it8920reg[0].7
 220  0014  2800     R  	jmp _L20
 222  0015              #line 222 "E:\jim\project\A2021\RF392\copy from pc\RF392A003_V01\lt8920\LT8920.c"
 222  0015  3035        	set [53].0
 222  0016  2800     R  	jmp _L21
 222  0017              _L20:
 226  0017              #line 226 "E:\jim\project\A2021\RF392\copy from pc\RF392A003_V01\lt8920\LT8920.c"
 226  0017  3435        	clr [53].0
 226  0018              _L21:
 229  0018              #line 229 "E:\jim\project\A2021\RF392\copy from pc\RF392A003_V01\lt8920\LT8920.c"
 229  0018  3235        	set [53].4
 230  0019              #line 230 "E:\jim\project\A2021\RF392\copy from pc\RF392A003_V01\lt8920\LT8920.c"
 230  0019              ;# 230 "E:\jim\project\A2021\RF392\copy from pc\RF392A003_V01\lt8920\LT8920.c" 1
 230  0019  0000        	nop
 231  001A              #line 231 "E:\jim\project\A2021\RF392\copy from pc\RF392A003_V01\lt8920\LT8920.c"
 231  001A  3635        	clr [53].4
 233  001B              #line 233 "E:\jim\project\A2021\RF392\copy from pc\RF392A003_V01\lt8920\LT8920.c"
 233  001B  0700     R  	mov a,_it8920reg[0]
 233  001C  0380     R  	addm a,_it8920reg[0]
 217  001D              #line 217 "E:\jim\project\A2021\RF392\copy from pc\RF392A003_V01\lt8920\LT8920.c"
 217  001D  1480     R  	inc _spicount[0]
 217  001E  2800     R  	jmp _L19
 217  001F              _L33:
 236  001F              #line 236 "E:\jim\project\A2021\RF392\copy from pc\RF392A003_V01\lt8920\LT8920.c"
 236  001F  0F13        	mov a,19
文件：LT8920.c     编译器版本 HGASM 0202 页次5

 236  0020  0080     R  	mov _itmosivalue[0],a
 237  0021              #line 237 "E:\jim\project\A2021\RF392\copy from pc\RF392A003_V01\lt8920\LT8920.c"
 237  0021  1F00     R  	clr _spicount[0]
 237  0022              _L23:
 237  0022  0F07        	mov a,7
 237  0023  0200     R  	sub a,_spicount[0]
 237  0024  380A        	snz c
 237  0025  2800     R  	jmp _L34
 239  0026              #line 239 "E:\jim\project\A2021\RF392\copy from pc\RF392A003_V01\lt8920\LT8920.c"
 239  0026  3800     R  	snz _itmosivalue[0].7
 239  0027  2800     R  	jmp _L24
 241  0028              #line 241 "E:\jim\project\A2021\RF392\copy from pc\RF392A003_V01\lt8920\LT8920.c"
 241  0028  3035        	set [53].0
 241  0029  2800     R  	jmp _L25
 241  002A              _L24:
 245  002A              #line 245 "E:\jim\project\A2021\RF392\copy from pc\RF392A003_V01\lt8920\LT8920.c"
 245  002A  3435        	clr [53].0
 245  002B              _L25:
 248  002B              #line 248 "E:\jim\project\A2021\RF392\copy from pc\RF392A003_V01\lt8920\LT8920.c"
 248  002B  3235        	set [53].4
 249  002C              #line 249 "E:\jim\project\A2021\RF392\copy from pc\RF392A003_V01\lt8920\LT8920.c"
 249  002C              ;# 249 "E:\jim\project\A2021\RF392\copy from pc\RF392A003_V01\lt8920\LT8920.c" 1
 249  002C  0000        	nop
 250  002D              #line 250 "E:\jim\project\A2021\RF392\copy from pc\RF392A003_V01\lt8920\LT8920.c"
 250  002D  3635        	clr [53].4
 252  002E              #line 252 "E:\jim\project\A2021\RF392\copy from pc\RF392A003_V01\lt8920\LT8920.c"
 252  002E  0700     R  	mov a,_itmosivalue[0]
 252  002F  0380     R  	addm a,_itmosivalue[0]
 237  0030              #line 237 "E:\jim\project\A2021\RF392\copy from pc\RF392A003_V01\lt8920\LT8920.c"
 237  0030  1480     R  	inc _spicount[0]
 237  0031  2800     R  	jmp _L23
 237  0032              _L34:
 255  0032              #line 255 "E:\jim\project\A2021\RF392\copy from pc\RF392A003_V01\lt8920\LT8920.c"
 255  0032  1F00     R  	clr _regIndex[0]
 255  0033              _L27:
 255  0033  0F12        	mov a,18
 255  0034  0200     R  	sub a,_regIndex[0]
 255  0035  380A        	snz c
 255  0036  2800     R  	jmp _L35
 257  0037              #line 257 "E:\jim\project\A2021\RF392\copy from pc\RF392A003_V01\lt8920\LT8920.c"
 257  0037  0F00     R  	mov a,low offset _rftxdataarry
 257  0038  0300     R  	add a,_regIndex[0]
 257  0039  0083        	mov mp,a
 257  003A  0F00     R  	mov a,high offset _rftxdataarry
 257  003B  1F01        	clr sbp
 257  003C  1381        	adcm a,sbp
 257  003D  2000     E  	call _Crom2Prom
 257  003E  0080     R  	mov _itmosivalue[0],a
 258  003F              #line 258 "E:\jim\project\A2021\RF392\copy from pc\RF392A003_V01\lt8920\LT8920.c"
 258  003F  1F00     R  	clr _spicount[0]
 258  0040              _L28:
 258  0040  0F07        	mov a,7
 258  0041  0200     R  	sub a,_spicount[0]
 258  0042  380A        	snz c
 258  0043  2800     R  	jmp _L36
 260  0044              #line 260 "E:\jim\project\A2021\RF392\copy from pc\RF392A003_V01\lt8920\LT8920.c"
 260  0044  3800     R  	snz _itmosivalue[0].7
 260  0045  2800     R  	jmp _L29
 262  0046              #line 262 "E:\jim\project\A2021\RF392\copy from pc\RF392A003_V01\lt8920\LT8920.c"
 262  0046  3035        	set [53].0
文件：LT8920.c     编译器版本 HGASM 0202 页次6

 262  0047  2800     R  	jmp _L30
 262  0048              _L29:
 266  0048              #line 266 "E:\jim\project\A2021\RF392\copy from pc\RF392A003_V01\lt8920\LT8920.c"
 266  0048  3435        	clr [53].0
 266  0049              _L30:
 269  0049              #line 269 "E:\jim\project\A2021\RF392\copy from pc\RF392A003_V01\lt8920\LT8920.c"
 269  0049  3235        	set [53].4
 270  004A              #line 270 "E:\jim\project\A2021\RF392\copy from pc\RF392A003_V01\lt8920\LT8920.c"
 270  004A              ;# 270 "E:\jim\project\A2021\RF392\copy from pc\RF392A003_V01\lt8920\LT8920.c" 1
 270  004A  0000        	nop
 271  004B              #line 271 "E:\jim\project\A2021\RF392\copy from pc\RF392A003_V01\lt8920\LT8920.c"
 271  004B  3635        	clr [53].4
 273  004C              #line 273 "E:\jim\project\A2021\RF392\copy from pc\RF392A003_V01\lt8920\LT8920.c"
 273  004C  0700     R  	mov a,_itmosivalue[0]
 273  004D  0380     R  	addm a,_itmosivalue[0]
 258  004E              #line 258 "E:\jim\project\A2021\RF392\copy from pc\RF392A003_V01\lt8920\LT8920.c"
 258  004E  1480     R  	inc _spicount[0]
 258  004F  2800     R  	jmp _L28
 258  0050              _L36:
 255  0050              #line 255 "E:\jim\project\A2021\RF392\copy from pc\RF392A003_V01\lt8920\LT8920.c"
 255  0050  1480     R  	inc _regIndex[0]
 255  0051  2800     R  	jmp _L27
 255  0052              _L35:
 277  0052              #line 277 "E:\jim\project\A2021\RF392\copy from pc\RF392A003_V01\lt8920\LT8920.c"
 277  0052  3394        	set [20].7
 277  0053  0003        	ret
 277  0054              _SPI_WriteFifo endp
 277  0054              #line 277 "E:\jim\project\A2021\RF392\copy from pc\RF392A003_V01\lt8920\LT8920.c"
 277  0054              #pragma debug scope 1 1
 277  0054              ___intc0 equ [14]
 277  0054              public _LT8900_Reset
 277  0054              #pragma debug scope 4 1
 282  0054              #line 282 "E:\jim\project\A2021\RF392\copy from pc\RF392A003_V01\lt8920\LT8920.c"
 282  0000              _LT8900_Reset .section 'code'
 282  0000              _LT8900_Reset proc
 283  0000              #line 283 "E:\jim\project\A2021\RF392\copy from pc\RF392A003_V01\lt8920\LT8920.c"
 283  0000              ;# 283 "E:\jim\project\A2021\RF392\copy from pc\RF392A003_V01\lt8920\LT8920.c" 1
 283  0000  0000        	nop
 283  0001  3496        	clr [22].1
 283  0002  3495        	clr [21].1
 283  0003  3494        	clr [20].1
 284  0004              #line 284 "E:\jim\project\A2021\RF392\copy from pc\RF392A003_V01\lt8920\LT8920.c"
 284  0004  3494        	clr [20].1
 285  0005              #line 285 "E:\jim\project\A2021\RF392\copy from pc\RF392A003_V01\lt8920\LT8920.c"
 285  0005  340E        	clr [14].0
 286  0006              #line 286 "E:\jim\project\A2021\RF392\copy from pc\RF392A003_V01\lt8920\LT8920.c"
 286  0006  1F00     R  	clr _itcounter[0]
 286  0007  1F00     R  	clr _itcounter[1]
 287  0008              #line 287 "E:\jim\project\A2021\RF392\copy from pc\RF392A003_V01\lt8920\LT8920.c"
 287  0008  300E        	set [14].0
 287  0009              _L39:
 288  0009              #line 288 "E:\jim\project\A2021\RF392\copy from pc\RF392A003_V01\lt8920\LT8920.c"
 288  0009              ;# 288 "E:\jim\project\A2021\RF392\copy from pc\RF392A003_V01\lt8920\LT8920.c" 1
 288  0009  0000        	nop
 288  000A  0700     R  	mov a,_itcounter[0]
 288  000B  0500     R  	or a,_itcounter[1]
 288  000C  3D0A        	sz z
 288  000D  2800     R  	jmp _L39
 290  000E              #line 290 "E:\jim\project\A2021\RF392\copy from pc\RF392A003_V01\lt8920\LT8920.c"
 290  000E  340E        	clr [14].0
文件：LT8920.c     编译器版本 HGASM 0202 页次7

 291  000F              #line 291 "E:\jim\project\A2021\RF392\copy from pc\RF392A003_V01\lt8920\LT8920.c"
 291  000F  1F00     R  	clr _itcounter[0]
 291  0010  1F00     R  	clr _itcounter[1]
 292  0011              #line 292 "E:\jim\project\A2021\RF392\copy from pc\RF392A003_V01\lt8920\LT8920.c"
 292  0011  300E        	set [14].0
 293  0012              #line 293 "E:\jim\project\A2021\RF392\copy from pc\RF392A003_V01\lt8920\LT8920.c"
 293  0012  3094        	set [20].1
 293  0013              _L41:
 295  0013              #line 295 "E:\jim\project\A2021\RF392\copy from pc\RF392A003_V01\lt8920\LT8920.c"
 295  0013              ;# 295 "E:\jim\project\A2021\RF392\copy from pc\RF392A003_V01\lt8920\LT8920.c" 1
 295  0013  0000        	nop
 295  0014  0700     R  	mov a,_itcounter[0]
 295  0015  0500     R  	or a,_itcounter[1]
 295  0016  3D0A        	sz z
 295  0017  2800     R  	jmp _L41
 295  0018  0003        	ret
 295  0019              _LT8900_Reset endp
 295  0019              #line 295 "E:\jim\project\A2021\RF392\copy from pc\RF392A003_V01\lt8920\LT8920.c"
 295  0019              #pragma debug scope 1 1
 295  0019              public _LT8900Reg_Init
 295  0019              #pragma debug scope 5 1
 300  0019              #line 300 "E:\jim\project\A2021\RF392\copy from pc\RF392A003_V01\lt8920\LT8920.c"
 300  0000              _LT8900Reg_Init .section 'code'
 300  0000              _LT8900Reg_Init proc
 302  0000              #line 302 "E:\jim\project\A2021\RF392\copy from pc\RF392A003_V01\lt8920\LT8920.c"
 302  0000  1F00     R  	clr _regIndex[0]
 302  0001  2800     R  	jmp _L43
 302  0002              _L44:
 304  0002              #line 304 "E:\jim\project\A2021\RF392\copy from pc\RF392A003_V01\lt8920\LT8920.c"
 304  0002  0700     R  	mov a,_regIndex[0]
 304  0003  0080     E  	mov rb,a
 304  0004  1F00     E  	clr rc
 304  0005  340A        	clr c
 304  0006  1A00     E  	rlca rb
 304  0007  0080     E  	mov rd,a
 304  0008  1A00     E  	rlca rc
 304  0009  0080     E  	mov re,a
 304  000A  0700     E  	mov a,rd
 304  000B  0380     E  	addm a,rb
 304  000C  0700     E  	mov a,re
 304  000D  1380     E  	adcm a,rc
 304  000E  0F00     R  	mov a,low offset _it8920regarry
 304  000F  0300     E  	add a,rb
 304  0010  0083        	mov mp,a
 304  0011  0F00     R  	mov a,high offset _it8920regarry
 304  0012  1300     E  	adc a,rc
 304  0013  0081        	mov sbp,a
 304  0014  2000     E  	call _Crom2Prom
 304  0015  0080     R  	mov _it8920reg[0],a
 305  0016              #line 305 "E:\jim\project\A2021\RF392\copy from pc\RF392A003_V01\lt8920\LT8920.c"
 305  0016  0700     R  	mov a,_regIndex[0]
 305  0017  0080     E  	mov rb,a
 305  0018  1F00     E  	clr rc
 305  0019  340A        	clr c
 305  001A  1A00     E  	rlca rb
 305  001B  0080     E  	mov rd,a
 305  001C  1A00     E  	rlca rc
 305  001D  0080     E  	mov re,a
 305  001E  0700     E  	mov a,rd
 305  001F  0380     E  	addm a,rb
文件：LT8920.c     编译器版本 HGASM 0202 页次8

 305  0020  0700     E  	mov a,re
 305  0021  1380     E  	adcm a,rc
 305  0022  0F00     R  	mov a,low (offset _it8920regarry+1)
 305  0023  0300     E  	add a,rb
 305  0024  0083        	mov mp,a
 305  0025  0F00     R  	mov a,high (offset _it8920regarry+1)
 305  0026  1300     E  	adc a,rc
 305  0027  0081        	mov sbp,a
 305  0028  2000     E  	call _Crom2Prom
 305  0029  0080     R  	mov _reghighvalue[0],a
 306  002A              #line 306 "E:\jim\project\A2021\RF392\copy from pc\RF392A003_V01\lt8920\LT8920.c"
 306  002A  0700     R  	mov a,_regIndex[0]
 306  002B  0080     E  	mov rb,a
 306  002C  1F00     E  	clr rc
 306  002D  340A        	clr c
 306  002E  1A00     E  	rlca rb
 306  002F  0080     E  	mov rd,a
 306  0030  1A00     E  	rlca rc
 306  0031  0080     E  	mov re,a
 306  0032  0700     E  	mov a,rd
 306  0033  0380     E  	addm a,rb
 306  0034  0700     E  	mov a,re
 306  0035  1380     E  	adcm a,rc
 306  0036  0F00     R  	mov a,low (offset _it8920regarry+2)
 306  0037  0300     E  	add a,rb
 306  0038  0083        	mov mp,a
 306  0039  0F00     R  	mov a,high (offset _it8920regarry+2)
 306  003A  1300     E  	adc a,rc
 306  003B  0081        	mov sbp,a
 306  003C  2000     E  	call _Crom2Prom
 306  003D  0080     R  	mov _reglowvalue[0],a
 307  003E              #line 307 "E:\jim\project\A2021\RF392\copy from pc\RF392A003_V01\lt8920\LT8920.c"
 307  003E  2000     R  	call _SPI_WriteReg
 302  003F              #line 302 "E:\jim\project\A2021\RF392\copy from pc\RF392A003_V01\lt8920\LT8920.c"
 302  003F  1480     R  	inc _regIndex[0]
 302  0040              _L43:
 302  0040  0F20        	mov a,32
 302  0041  0200     R  	sub a,_regIndex[0]
 302  0042  3C0A        	sz c
 302  0043  2800     R  	jmp _L44
 302  0044  0003        	ret
 302  0045              _LT8900Reg_Init endp
 302  0045              #line 302 "E:\jim\project\A2021\RF392\copy from pc\RF392A003_V01\lt8920\LT8920.c"
 302  0045              #pragma debug scope 1 1
 302  0045              public _It8920_ResetFifo
 302  0045              #pragma debug scope 6 1
 324  0045              #line 324 "E:\jim\project\A2021\RF392\copy from pc\RF392A003_V01\lt8920\LT8920.c"
 324  0000              _It8920_ResetFifo .section 'code'
 324  0000              _It8920_ResetFifo proc
 325  0000              #line 325 "E:\jim\project\A2021\RF392\copy from pc\RF392A003_V01\lt8920\LT8920.c"
 325  0000  0F34        	mov a,52
 325  0001  0080     R  	mov _it8920reg[0],a
 326  0002              #line 326 "E:\jim\project\A2021\RF392\copy from pc\RF392A003_V01\lt8920\LT8920.c"
 326  0002  0F80        	mov a,128
 326  0003  0080     R  	mov _reghighvalue[0],a
 327  0004              #line 327 "E:\jim\project\A2021\RF392\copy from pc\RF392A003_V01\lt8920\LT8920.c"
 327  0004  0F80        	mov a,128
 327  0005  0080     R  	mov _reglowvalue[0],a
 328  0006              #line 328 "E:\jim\project\A2021\RF392\copy from pc\RF392A003_V01\lt8920\LT8920.c"
 328  0006  2000     R  	call _SPI_WriteReg
文件：LT8920.c     编译器版本 HGASM 0202 页次9

 328  0007  0003        	ret
 328  0008              _It8920_ResetFifo endp
 328  0008              #line 328 "E:\jim\project\A2021\RF392\copy from pc\RF392A003_V01\lt8920\LT8920.c"
 328  0008              #pragma debug scope 1 1
 328  0008              public _It8920_Idle
 328  0008              #pragma debug scope 7 1
 333  0008              #line 333 "E:\jim\project\A2021\RF392\copy from pc\RF392A003_V01\lt8920\LT8920.c"
 333  0000              _It8920_Idle .section 'code'
 333  0000              _It8920_Idle proc
 345  0000              #line 345 "E:\jim\project\A2021\RF392\copy from pc\RF392A003_V01\lt8920\LT8920.c"
 345  0000  0F07        	mov a,7
 345  0001  0080     R  	mov _it8920reg[0],a
 346  0002              #line 346 "E:\jim\project\A2021\RF392\copy from pc\RF392A003_V01\lt8920\LT8920.c"
 346  0002  1F00     R  	clr _reghighvalue[0]
 347  0003              #line 347 "E:\jim\project\A2021\RF392\copy from pc\RF392A003_V01\lt8920\LT8920.c"
 347  0003  1F00     R  	clr _reglowvalue[0]
 348  0004              #line 348 "E:\jim\project\A2021\RF392\copy from pc\RF392A003_V01\lt8920\LT8920.c"
 348  0004  2000     R  	call _SPI_WriteReg
 348  0005  0003        	ret
 348  0006              _It8920_Idle endp
 348  0006              #line 348 "E:\jim\project\A2021\RF392\copy from pc\RF392A003_V01\lt8920\LT8920.c"
 348  0006              #pragma debug scope 1 1
 348  0006              public _LT8900rf_test
 348  0006              #pragma debug scope 8 1
 361  0006              #line 361 "E:\jim\project\A2021\RF392\copy from pc\RF392A003_V01\lt8920\LT8920.c"
 361  0000              _LT8900rf_test .section 'code'
 361  0000              _LT8900rf_test proc
 362  0000              #line 362 "E:\jim\project\A2021\RF392\copy from pc\RF392A003_V01\lt8920\LT8920.c"
 362  0000  1F00     R  	clr _regIndex[0]
 362  0001  2800     R  	jmp _L48
 362  0002              _L49:
 364  0002              #line 364 "E:\jim\project\A2021\RF392\copy from pc\RF392A003_V01\lt8920\LT8920.c"
 364  0002  0700     R  	mov a,_regIndex[0]
 364  0003  0080     E  	mov rb,a
 364  0004  1F00     E  	clr rc
 364  0005  340A        	clr c
 364  0006  1A00     E  	rlca rb
 364  0007  0080     E  	mov rd,a
 364  0008  1A00     E  	rlca rc
 364  0009  0080     E  	mov re,a
 364  000A  0700     E  	mov a,rd
 364  000B  0380     E  	addm a,rb
 364  000C  0700     E  	mov a,re
 364  000D  1380     E  	adcm a,rc
 364  000E  0F00     R  	mov a,low offset _it8920rftstarry
 364  000F  0300     E  	add a,rb
 364  0010  0083        	mov mp,a
 364  0011  0F00     R  	mov a,high offset _it8920rftstarry
 364  0012  1300     E  	adc a,rc
 364  0013  0081        	mov sbp,a
 364  0014  2000     E  	call _Crom2Prom
 364  0015  0080     R  	mov _it8920reg[0],a
 365  0016              #line 365 "E:\jim\project\A2021\RF392\copy from pc\RF392A003_V01\lt8920\LT8920.c"
 365  0016  0700     R  	mov a,_regIndex[0]
 365  0017  0080     E  	mov rb,a
 365  0018  1F00     E  	clr rc
 365  0019  340A        	clr c
 365  001A  1A00     E  	rlca rb
 365  001B  0080     E  	mov rd,a
 365  001C  1A00     E  	rlca rc
文件：LT8920.c     编译器版本 HGASM 0202 页次10

 365  001D  0080     E  	mov re,a
 365  001E  0700     E  	mov a,rd
 365  001F  0380     E  	addm a,rb
 365  0020  0700     E  	mov a,re
 365  0021  1380     E  	adcm a,rc
 365  0022  0F00     R  	mov a,low (offset _it8920rftstarry+1)
 365  0023  0300     E  	add a,rb
 365  0024  0083        	mov mp,a
 365  0025  0F00     R  	mov a,high (offset _it8920rftstarry+1)
 365  0026  1300     E  	adc a,rc
 365  0027  0081        	mov sbp,a
 365  0028  2000     E  	call _Crom2Prom
 365  0029  0080     R  	mov _reghighvalue[0],a
 366  002A              #line 366 "E:\jim\project\A2021\RF392\copy from pc\RF392A003_V01\lt8920\LT8920.c"
 366  002A  0700     R  	mov a,_regIndex[0]
 366  002B  0080     E  	mov rb,a
 366  002C  1F00     E  	clr rc
 366  002D  340A        	clr c
 366  002E  1A00     E  	rlca rb
 366  002F  0080     E  	mov rd,a
 366  0030  1A00     E  	rlca rc
 366  0031  0080     E  	mov re,a
 366  0032  0700     E  	mov a,rd
 366  0033  0380     E  	addm a,rb
 366  0034  0700     E  	mov a,re
 366  0035  1380     E  	adcm a,rc
 366  0036  0F00     R  	mov a,low (offset _it8920rftstarry+2)
 366  0037  0300     E  	add a,rb
 366  0038  0083        	mov mp,a
 366  0039  0F00     R  	mov a,high (offset _it8920rftstarry+2)
 366  003A  1300     E  	adc a,rc
 366  003B  0081        	mov sbp,a
 366  003C  2000     E  	call _Crom2Prom
 366  003D  0080     R  	mov _reglowvalue[0],a
 367  003E              #line 367 "E:\jim\project\A2021\RF392\copy from pc\RF392A003_V01\lt8920\LT8920.c"
 367  003E  2000     R  	call _SPI_WriteReg
 362  003F              #line 362 "E:\jim\project\A2021\RF392\copy from pc\RF392A003_V01\lt8920\LT8920.c"
 362  003F  1480     R  	inc _regIndex[0]
 362  0040              _L48:
 362  0040  0F04        	mov a,4
 362  0041  0200     R  	sub a,_regIndex[0]
 362  0042  3C0A        	sz c
 362  0043  2800     R  	jmp _L49
 362  0044  0003        	ret
 362  0045              _LT8900rf_test endp
 362  0045              #line 362 "E:\jim\project\A2021\RF392\copy from pc\RF392A003_V01\lt8920\LT8920.c"
 362  0045              #pragma debug scope 1 1
 362  0045              public _It8920_EnterRx
 362  0045              #pragma debug scope 9 1
 372  0045              #line 372 "E:\jim\project\A2021\RF392\copy from pc\RF392A003_V01\lt8920\LT8920.c"
 372  0000              _It8920_EnterRx .section 'code'
 372  0000              _It8920_EnterRx proc
 373  0000              #line 373 "E:\jim\project\A2021\RF392\copy from pc\RF392A003_V01\lt8920\LT8920.c"
 373  0000  0F07        	mov a,7
 373  0001  0080     R  	mov _it8920reg[0],a
 374  0002              #line 374 "E:\jim\project\A2021\RF392\copy from pc\RF392A003_V01\lt8920\LT8920.c"
 374  0002  1F00     R  	clr _reghighvalue[0]
 375  0003              #line 375 "E:\jim\project\A2021\RF392\copy from pc\RF392A003_V01\lt8920\LT8920.c"
 375  0003  0FCA        	mov a,202
 375  0004  0080     R  	mov _reglowvalue[0],a
文件：LT8920.c     编译器版本 HGASM 0202 页次11

 376  0005              #line 376 "E:\jim\project\A2021\RF392\copy from pc\RF392A003_V01\lt8920\LT8920.c"
 376  0005  2000     R  	call _SPI_WriteReg
 376  0006  0003        	ret
 376  0007              _It8920_EnterRx endp
 376  0007              #line 376 "E:\jim\project\A2021\RF392\copy from pc\RF392A003_V01\lt8920\LT8920.c"
 376  0007              #pragma debug scope 1 1
 376  0007              public _It892_EnterTx
 376  0007              #pragma debug scope 10 1
 380  0007              #line 380 "E:\jim\project\A2021\RF392\copy from pc\RF392A003_V01\lt8920\LT8920.c"
 380  0000              _It892_EnterTx .section 'code'
 380  0000              _It892_EnterTx proc
 381  0000              #line 381 "E:\jim\project\A2021\RF392\copy from pc\RF392A003_V01\lt8920\LT8920.c"
 381  0000  0F07        	mov a,7
 381  0001  0080     R  	mov _it8920reg[0],a
 382  0002              #line 382 "E:\jim\project\A2021\RF392\copy from pc\RF392A003_V01\lt8920\LT8920.c"
 382  0002  0F01        	mov a,1
 382  0003  0080     R  	mov _reghighvalue[0],a
 383  0004              #line 383 "E:\jim\project\A2021\RF392\copy from pc\RF392A003_V01\lt8920\LT8920.c"
 383  0004  0F4A        	mov a,74
 383  0005  0080     R  	mov _reglowvalue[0],a
 384  0006              #line 384 "E:\jim\project\A2021\RF392\copy from pc\RF392A003_V01\lt8920\LT8920.c"
 384  0006  2000     R  	call _SPI_WriteReg
 384  0007  0003        	ret
 384  0008              _It892_EnterTx endp
 384  0008              #line 384 "E:\jim\project\A2021\RF392\copy from pc\RF392A003_V01\lt8920\LT8920.c"
 384  0008              #pragma debug scope 1 1
 384  0008              public _LT8900_txdata
 384  0008              #pragma debug scope 11 1
 387  0008              #line 387 "E:\jim\project\A2021\RF392\copy from pc\RF392A003_V01\lt8920\LT8920.c"
 387  0000              _LT8900_txdata .section 'code'
 387  0000              _LT8900_txdata proc
 398  0000              #line 398 "E:\jim\project\A2021\RF392\copy from pc\RF392A003_V01\lt8920\LT8920.c"
 398  0000  0F01        	mov a,1
 398  0001  0080     R  	mov _regIndex[0],a
 398  0002  2800     R  	jmp _L53
 398  0003              _L54:
 400  0003              #line 400 "E:\jim\project\A2021\RF392\copy from pc\RF392A003_V01\lt8920\LT8920.c"
 400  0003              ;# 400 "E:\jim\project\A2021\RF392\copy from pc\RF392A003_V01\lt8920\LT8920.c" 1
 400  0003  0000        	nop
 398  0004              #line 398 "E:\jim\project\A2021\RF392\copy from pc\RF392A003_V01\lt8920\LT8920.c"
 398  0004  1480     R  	inc _regIndex[0]
 398  0005              _L53:
 398  0005  0F31        	mov a,49
 398  0006  0200     R  	sub a,_regIndex[0]
 398  0007  3C0A        	sz c
 398  0008  2800     R  	jmp _L54
 398  0009  0003        	ret
 398  000A              _LT8900_txdata endp
 398  000A              #line 398 "E:\jim\project\A2021\RF392\copy from pc\RF392A003_V01\lt8920\LT8920.c"
 398  000A              #pragma debug scope 1 1
 398  000A              public _It8920_filldata
 398  000A              #pragma debug scope 12 1
 408  000A              #line 408 "E:\jim\project\A2021\RF392\copy from pc\RF392A003_V01\lt8920\LT8920.c"
 408  0000              _It8920_filldata .section 'code'
 408  0000              _It8920_filldata proc
 415  0000              #line 415 "E:\jim\project\A2021\RF392\copy from pc\RF392A003_V01\lt8920\LT8920.c"
 415  0000  1F00     E  	clr _EE_read_addr[0]
 416  0001              #line 416 "E:\jim\project\A2021\RF392\copy from pc\RF392A003_V01\lt8920\LT8920.c"
 416  0001  2000     E  	call _eeprom_Read
 416  0002  0080     E  	mov ra,a
文件：LT8920.c     编译器版本 HGASM 0202 页次12

 416  0003  0700     E  	mov a,ra
 416  0004  0080     R  	mov _itykaddr0[0],a
 417  0005              #line 417 "E:\jim\project\A2021\RF392\copy from pc\RF392A003_V01\lt8920\LT8920.c"
 417  0005  0F01        	mov a,1
 417  0006  0080     E  	mov _EE_read_addr[0],a
 418  0007              #line 418 "E:\jim\project\A2021\RF392\copy from pc\RF392A003_V01\lt8920\LT8920.c"
 418  0007  2000     E  	call _eeprom_Read
 418  0008  0080     E  	mov ra,a
 418  0009  0700     E  	mov a,ra
 418  000A  0080     R  	mov _itykaddr1[0],a
 419  000B              #line 419 "E:\jim\project\A2021\RF392\copy from pc\RF392A003_V01\lt8920\LT8920.c"
 419  000B  0F02        	mov a,2
 419  000C  0080     E  	mov _EE_read_addr[0],a
 420  000D              #line 420 "E:\jim\project\A2021\RF392\copy from pc\RF392A003_V01\lt8920\LT8920.c"
 420  000D  2000     E  	call _eeprom_Read
 420  000E  0080     E  	mov ra,a
 420  000F  0700     E  	mov a,ra
 420  0010  0080     R  	mov _itykaddr2[0],a
 421  0011              #line 421 "E:\jim\project\A2021\RF392\copy from pc\RF392A003_V01\lt8920\LT8920.c"
 421  0011  0F03        	mov a,3
 421  0012  0080     E  	mov _EE_read_addr[0],a
 422  0013              #line 422 "E:\jim\project\A2021\RF392\copy from pc\RF392A003_V01\lt8920\LT8920.c"
 422  0013  2000     E  	call _eeprom_Read
 422  0014  0080     E  	mov ra,a
 422  0015  0700     E  	mov a,ra
 422  0016  0080     R  	mov _itykaddr3[0],a
 424  0017              #line 424 "E:\jim\project\A2021\RF392\copy from pc\RF392A003_V01\lt8920\LT8920.c"
 424  0017  1600     R  	siza _itykaddr3[0]
 424  0018  2800     R  	jmp _L56
 424  0019              #line 424 "E:\jim\project\A2021\RF392\copy from pc\RF392A003_V01\lt8920\LT8920.c"
 424  0019  1600     R  	siza _itykaddr2[0]
 424  001A  2800     R  	jmp _L56
 424  001B  1600     R  	siza _itykaddr1[0]
 424  001C  2800     R  	jmp _L56
 424  001D  1600     R  	siza _itykaddr0[0]
 424  001E  2800     R  	jmp _L56
 426  001F              #line 426 "E:\jim\project\A2021\RF392\copy from pc\RF392A003_V01\lt8920\LT8920.c"
 426  001F  0FB1        	mov a,177
 426  0020  0080     R  	mov _itykaddr3[0],a
 427  0021              #line 427 "E:\jim\project\A2021\RF392\copy from pc\RF392A003_V01\lt8920\LT8920.c"
 427  0021  1F00     R  	clr _itykaddr2[0]
 428  0022              #line 428 "E:\jim\project\A2021\RF392\copy from pc\RF392A003_V01\lt8920\LT8920.c"
 428  0022  1F00     R  	clr _itykaddr1[0]
 429  0023              #line 429 "E:\jim\project\A2021\RF392\copy from pc\RF392A003_V01\lt8920\LT8920.c"
 429  0023  1F00     R  	clr _itykaddr0[0]
 429  0024              _L56:
 431  0024              #line 431 "E:\jim\project\A2021\RF392\copy from pc\RF392A003_V01\lt8920\LT8920.c"
 431  0024  0700     R  	mov a,_itykaddr3[0]
 431  0025  0080     R  	mov _rftxdataarry[0],a
 432  0026              #line 432 "E:\jim\project\A2021\RF392\copy from pc\RF392A003_V01\lt8920\LT8920.c"
 432  0026  0700     R  	mov a,_itykaddr0[0]
 432  0027  0080     R  	mov _rftxdataarry[1],a
 433  0028              #line 433 "E:\jim\project\A2021\RF392\copy from pc\RF392A003_V01\lt8920\LT8920.c"
 433  0028  0700     R  	mov a,_itykaddr1[0]
 433  0029  0080     R  	mov _rftxdataarry[2],a
 434  002A              #line 434 "E:\jim\project\A2021\RF392\copy from pc\RF392A003_V01\lt8920\LT8920.c"
 434  002A  0700     R  	mov a,_itykaddr2[0]
 434  002B  0080     R  	mov _rftxdataarry[3],a
 442  002C              #line 442 "E:\jim\project\A2021\RF392\copy from pc\RF392A003_V01\lt8920\LT8920.c"
 442  002C  0F13        	mov a,19
文件：LT8920.c     编译器版本 HGASM 0202 页次13

 442  002D  0080     R  	mov _rftxdataarry[9],a
 443  002E              #line 443 "E:\jim\project\A2021\RF392\copy from pc\RF392A003_V01\lt8920\LT8920.c"
 443  002E  0700     R  	mov a,_ittranscounter[0]
 443  002F  0080     E  	mov rb,a
 443  0030  0700     R  	mov a,_ittranscounter[1]
 443  0031  0080     E  	mov rc,a
 443  0032  0700     E  	mov a,rc
 443  0033  0080     R  	mov _rftxdataarry[10],a
 444  0034              #line 444 "E:\jim\project\A2021\RF392\copy from pc\RF392A003_V01\lt8920\LT8920.c"
 444  0034  0700     R  	mov a,_ittranscounter[0]
 444  0035  0080     E  	mov rb,a
 444  0036  0700     R  	mov a,_ittranscounter[1]
 444  0037  0080     E  	mov rc,a
 444  0038  0700     E  	mov a,rb
 444  0039  0080     R  	mov _rftxdataarry[11],a
 447  003A              #line 447 "E:\jim\project\A2021\RF392\copy from pc\RF392A003_V01\lt8920\LT8920.c"
 447  003A  0700     R  	mov a,_rfmsgarry[0]
 447  003B  0080     R  	mov _rftxdataarry[14],a
 448  003C              #line 448 "E:\jim\project\A2021\RF392\copy from pc\RF392A003_V01\lt8920\LT8920.c"
 448  003C  0700     R  	mov a,_rfmsgarry[1]
 448  003D  0080     R  	mov _rftxdataarry[15],a
 449  003E              #line 449 "E:\jim\project\A2021\RF392\copy from pc\RF392A003_V01\lt8920\LT8920.c"
 449  003E  1F00     R  	clr _rftxdataarry[16]
 450  003F              #line 450 "E:\jim\project\A2021\RF392\copy from pc\RF392A003_V01\lt8920\LT8920.c"
 450  003F  0F57        	mov a,87
 450  0040  0080     R  	mov _rftxdataarry[17],a
 451  0041              #line 451 "E:\jim\project\A2021\RF392\copy from pc\RF392A003_V01\lt8920\LT8920.c"
 451  0041  0F01        	mov a,1
 451  0042  0080     R  	mov _rftxdataarry[18],a
 451  0043  0003        	ret
 451  0044              _It8920_filldata endp
 451  0044              #line 451 "E:\jim\project\A2021\RF392\copy from pc\RF392A003_V01\lt8920\LT8920.c"
 451  0044              #pragma debug scope 1 1
 451  0044              _rftxdatadstarry equ [896]
 451  0044              public _It8920_encryptdata
 451  0044              #pragma debug scope 13 1
 462  0044              #line 462 "E:\jim\project\A2021\RF392\copy from pc\RF392A003_V01\lt8920\LT8920.c"
 462  0000              _It8920_encryptdata .section 'code'
 462  0000              _It8920_encryptdata proc
 463  0000              #line 463 "E:\jim\project\A2021\RF392\copy from pc\RF392A003_V01\lt8920\LT8920.c"
 463  0000  0700     R  	mov a,_rftxdataarry[0]
 463  0001  0CBD        	xor a,189
 463  0002  0080     E  	mov ra,a
 463  0003  0F80        	mov a,low offset _rftxdatadstarry
 463  0004  0083        	mov mp,a
 463  0005  0F03        	mov a,high offset _rftxdatadstarry
 463  0006  0081        	mov sbp,a
 463  0007  0701        	mov a,sbp
 463  0008  0084        	mov bp,a
 463  0009  0700     E  	mov a,ra
 463  000A  0082        	mov ir,a
 465  000B              #line 465 "E:\jim\project\A2021\RF392\copy from pc\RF392A003_V01\lt8920\LT8920.c"
 465  000B  0F01        	mov a,1
 465  000C  0080     R  	mov _regIndex[0],a
 465  000D              _L58:
 465  000D              #line 465 "E:\jim\project\A2021\RF392\copy from pc\RF392A003_V01\lt8920\LT8920.c"
 465  000D  0F12        	mov a,18
 465  000E  0200     R  	sub a,_regIndex[0]
 465  000F  380A        	snz c
 465  0010  2800     R  	jmp _L62
文件：LT8920.c     编译器版本 HGASM 0202 页次14

 467  0011              #line 467 "E:\jim\project\A2021\RF392\copy from pc\RF392A003_V01\lt8920\LT8920.c"
 467  0011  0F00     R  	mov a,low offset _rftxdataarry
 467  0012  0300     R  	add a,_regIndex[0]
 467  0013  0083        	mov mp,a
 467  0014  0F00     R  	mov a,high offset _rftxdataarry
 467  0015  1F01        	clr sbp
 467  0016  1381        	adcm a,sbp
 467  0017  2000     E  	call _Crom2Prom
 467  0018  0080     E  	mov ra,a
 467  0019  0F7F        	mov a,low (offset _rftxdatadstarry-1)
 467  001A  0300     R  	add a,_regIndex[0]
 467  001B  0083        	mov mp,a
 467  001C  0F03        	mov a,high (offset _rftxdatadstarry-1)
 467  001D  1F01        	clr sbp
 467  001E  1381        	adcm a,sbp
 467  001F  2000     E  	call _Crom2Prom
 467  0020  0080     E  	mov rb,a
 467  0021  0700     E  	mov a,rb
 467  0022  0480     E  	xorm a,ra
 467  0023  0F80        	mov a,low offset _rftxdatadstarry
 467  0024  0300     R  	add a,_regIndex[0]
 467  0025  0083        	mov mp,a
 467  0026  0F03        	mov a,high offset _rftxdatadstarry
 467  0027  1F01        	clr sbp
 467  0028  1381        	adcm a,sbp
 467  0029  0701        	mov a,sbp
 467  002A  0084        	mov bp,a
 467  002B  0700     E  	mov a,ra
 467  002C  0082        	mov ir,a
 465  002D              #line 465 "E:\jim\project\A2021\RF392\copy from pc\RF392A003_V01\lt8920\LT8920.c"
 465  002D  1480     R  	inc _regIndex[0]
 465  002E  2800     R  	jmp _L58
 465  002F              _L62:
 469  002F              #line 469 "E:\jim\project\A2021\RF392\copy from pc\RF392A003_V01\lt8920\LT8920.c"
 469  002F  1F00     R  	clr _regIndex[0]
 469  0030  2800     R  	jmp _L60
 469  0031              _L61:
 471  0031              #line 471 "E:\jim\project\A2021\RF392\copy from pc\RF392A003_V01\lt8920\LT8920.c"
 471  0031  0F80        	mov a,low offset _rftxdatadstarry
 471  0032  0300     R  	add a,_regIndex[0]
 471  0033  0083        	mov mp,a
 471  0034  0F03        	mov a,high offset _rftxdatadstarry
 471  0035  1F01        	clr sbp
 471  0036  1381        	adcm a,sbp
 471  0037  2000     E  	call _Crom2Prom
 471  0038  0080     E  	mov ra,a
 471  0039  0F00     R  	mov a,low offset _rftxdataarry
 471  003A  0300     R  	add a,_regIndex[0]
 471  003B  0083        	mov mp,a
 471  003C  0F00     R  	mov a,high offset _rftxdataarry
 471  003D  1F01        	clr sbp
 471  003E  1381        	adcm a,sbp
 471  003F  0701        	mov a,sbp
 471  0040  0084        	mov bp,a
 471  0041  0700     E  	mov a,ra
 471  0042  0082        	mov ir,a
 469  0043              #line 469 "E:\jim\project\A2021\RF392\copy from pc\RF392A003_V01\lt8920\LT8920.c"
 469  0043  1480     R  	inc _regIndex[0]
 469  0044              _L60:
 469  0044  0F12        	mov a,18
文件：LT8920.c     编译器版本 HGASM 0202 页次15

 469  0045  0200     R  	sub a,_regIndex[0]
 469  0046  3C0A        	sz c
 469  0047  2800     R  	jmp _L61
 469  0048  0003        	ret
 469  0049              _It8920_encryptdata endp
 469  0049              #line 469 "E:\jim\project\A2021\RF392\copy from pc\RF392A003_V01\lt8920\LT8920.c"
 469  0049              #pragma debug scope 1 1
 469  0049              public _It8920_Sleep
 469  0049              #pragma debug scope 14 1
 477  0049              #line 477 "E:\jim\project\A2021\RF392\copy from pc\RF392A003_V01\lt8920\LT8920.c"
 477  0000              _It8920_Sleep .section 'code'
 477  0000              _It8920_Sleep proc
 479  0000              #line 479 "E:\jim\project\A2021\RF392\copy from pc\RF392A003_V01\lt8920\LT8920.c"
 479  0000  1F00     R  	clr _regIndex[0]
 479  0001  2800     R  	jmp _L64
 479  0002              _L65:
 481  0002              #line 481 "E:\jim\project\A2021\RF392\copy from pc\RF392A003_V01\lt8920\LT8920.c"
 481  0002  0700     R  	mov a,_regIndex[0]
 481  0003  0080     E  	mov rb,a
 481  0004  1F00     E  	clr rc
 481  0005  340A        	clr c
 481  0006  1A00     E  	rlca rb
 481  0007  0080     E  	mov rd,a
 481  0008  1A00     E  	rlca rc
 481  0009  0080     E  	mov re,a
 481  000A  0700     E  	mov a,rd
 481  000B  0380     E  	addm a,rb
 481  000C  0700     E  	mov a,re
 481  000D  1380     E  	adcm a,rc
 481  000E  0F00     R  	mov a,low offset _it8920sleepdata
 481  000F  0300     E  	add a,rb
 481  0010  0083        	mov mp,a
 481  0011  0F00     R  	mov a,high offset _it8920sleepdata
 481  0012  1300     E  	adc a,rc
 481  0013  0081        	mov sbp,a
 481  0014  2000     E  	call _Crom2Prom
 481  0015  0080     R  	mov _it8920reg[0],a
 482  0016              #line 482 "E:\jim\project\A2021\RF392\copy from pc\RF392A003_V01\lt8920\LT8920.c"
 482  0016  0700     R  	mov a,_regIndex[0]
 482  0017  0080     E  	mov rb,a
 482  0018  1F00     E  	clr rc
 482  0019  340A        	clr c
 482  001A  1A00     E  	rlca rb
 482  001B  0080     E  	mov rd,a
 482  001C  1A00     E  	rlca rc
 482  001D  0080     E  	mov re,a
 482  001E  0700     E  	mov a,rd
 482  001F  0380     E  	addm a,rb
 482  0020  0700     E  	mov a,re
 482  0021  1380     E  	adcm a,rc
 482  0022  0F00     R  	mov a,low (offset _it8920sleepdata+1)
 482  0023  0300     E  	add a,rb
 482  0024  0083        	mov mp,a
 482  0025  0F00     R  	mov a,high (offset _it8920sleepdata+1)
 482  0026  1300     E  	adc a,rc
 482  0027  0081        	mov sbp,a
 482  0028  2000     E  	call _Crom2Prom
 482  0029  0080     R  	mov _reghighvalue[0],a
 483  002A              #line 483 "E:\jim\project\A2021\RF392\copy from pc\RF392A003_V01\lt8920\LT8920.c"
 483  002A  0700     R  	mov a,_regIndex[0]
文件：LT8920.c     编译器版本 HGASM 0202 页次16

 483  002B  0080     E  	mov ra,a
 483  002C  1F00     R  	clr _reglowvalue[0]
 484  002D              #line 484 "E:\jim\project\A2021\RF392\copy from pc\RF392A003_V01\lt8920\LT8920.c"
 484  002D  2000     R  	call _SPI_WriteReg
 479  002E              #line 479 "E:\jim\project\A2021\RF392\copy from pc\RF392A003_V01\lt8920\LT8920.c"
 479  002E  1480     R  	inc _regIndex[0]
 479  002F              _L64:
 479  002F  1080     R  	sz _regIndex[0]
 479  0030  2800     R  	jmp _LI1
 479  0031  2800     R  	jmp _L65
 479  0032              _LI1:
 479  0032  0003        	ret
 479  0033              _It8920_Sleep endp
 479  0033              #line 479 "E:\jim\project\A2021\RF392\copy from pc\RF392A003_V01\lt8920\LT8920.c"
 479  0033              #pragma debug scope 1 1
 479  0033              public _rfmsgarry
 479  0000              @HCCINIT	.section 'data'
 126  0000              #line 126 "E:\jim\project\A2021\RF392\copy from pc\RF392A003_V01\lt8920\LT8920.c"
 126  0000              @HCCINIT .section 'data'
 126  0000              _rfmsgarry label byte
 126  0000              #pragma debug array 42 8 2 1
 126  0000              #pragma debug array 42 8 2 1
 126  0000              #pragma debug variable 42 1 _rfmsgarry "rfmsgarry"
 126  0000              	db 0
 126  0000              @ROMDATA_BASE .section inpage 'code'
 126  0000              	db 0
 126  0001              @HCCINIT .section 'data'
 126  0001              	db 0
 126  0001              @ROMDATA_BASE .section inpage 'code'
 126  0001              	db 0
 126  0002              @HCCINIT .section 'data'
 126  0002              public _ittranscounter
 125  0002              #line 125 "E:\jim\project\A2021\RF392\copy from pc\RF392A003_V01\lt8920\LT8920.c"
 125  0002              @HCCINIT .section 'data'
 125  0002              _ittranscounter label byte
 125  0002              #pragma debug variable 12 1 _ittranscounter "ittranscounter"
 125  0002              	db 0
 125  0001              @ROMDATA_BASE .section inpage 'code'
 125  0001              	db 0
 125  0003              @HCCINIT .section 'data'
 125  0003              	db 0
 125  0002              @ROMDATA_BASE .section inpage 'code'
 125  0002              	db 0
 125  0004              @HCCINIT .section 'data'
 125  0004              public _itmosivalue
 120  0004              #line 120 "E:\jim\project\A2021\RF392\copy from pc\RF392A003_V01\lt8920\LT8920.c"
 120  0004              @HCCINIT .section 'data'
 120  0004              _itmosivalue label byte
 120  0004              #pragma debug variable 8 1 _itmosivalue "itmosivalue"
 120  0004              	db 0
 120  0002              @ROMDATA_BASE .section inpage 'code'
 120  0002              	db 0
 120  0005              @HCCINIT .section 'data'
 120  0005              public _rftxdataarry
 119  0005              #line 119 "E:\jim\project\A2021\RF392\copy from pc\RF392A003_V01\lt8920\LT8920.c"
 119  0005              @HCCINIT .section 'data'
 119  0005              _rftxdataarry label byte
 119  0005              #pragma debug array 43 8 19 1
 119  0005              #pragma debug array 43 8 19 1
 119  0005              #pragma debug variable 43 1 _rftxdataarry "rftxdataarry"
文件：LT8920.c     编译器版本 HGASM 0202 页次17

 119  0005              	db 0
 119  0003              @ROMDATA_BASE .section inpage 'code'
 119  0003              	db 0
 119  0006              @HCCINIT .section 'data'
 119  0006              	db 0
 119  0003              @ROMDATA_BASE .section inpage 'code'
 119  0003              	db 0
 119  0007              @HCCINIT .section 'data'
 119  0007              	db 0
 119  0004              @ROMDATA_BASE .section inpage 'code'
 119  0004              	db 0
 119  0008              @HCCINIT .section 'data'
 119  0008              	db 0
 119  0004              @ROMDATA_BASE .section inpage 'code'
 119  0004              	db 0
 119  0009              @HCCINIT .section 'data'
 119  0009              	db 0
 119  0005              @ROMDATA_BASE .section inpage 'code'
 119  0005              	db 0
 119  000A              @HCCINIT .section 'data'
 119  000A              	db 0
 119  0005              @ROMDATA_BASE .section inpage 'code'
 119  0005              	db 0
 119  000B              @HCCINIT .section 'data'
 119  000B              	db 0
 119  0006              @ROMDATA_BASE .section inpage 'code'
 119  0006              	db 0
 119  000C              @HCCINIT .section 'data'
 119  000C              	db 0
 119  0006              @ROMDATA_BASE .section inpage 'code'
 119  0006              	db 0
 119  000D              @HCCINIT .section 'data'
 119  000D              	db 0
 119  0007              @ROMDATA_BASE .section inpage 'code'
 119  0007              	db 0
 119  000E              @HCCINIT .section 'data'
 119  000E              	db 0
 119  0007              @ROMDATA_BASE .section inpage 'code'
 119  0007              	db 0
 119  000F              @HCCINIT .section 'data'
 119  000F              	db 0
 119  0008              @ROMDATA_BASE .section inpage 'code'
 119  0008              	db 0
 119  0010              @HCCINIT .section 'data'
 119  0010              	db 0
 119  0008              @ROMDATA_BASE .section inpage 'code'
 119  0008              	db 0
 119  0011              @HCCINIT .section 'data'
 119  0011              	db 0
 119  0009              @ROMDATA_BASE .section inpage 'code'
 119  0009              	db 0
 119  0012              @HCCINIT .section 'data'
 119  0012              	db 0
 119  0009              @ROMDATA_BASE .section inpage 'code'
 119  0009              	db 0
 119  0013              @HCCINIT .section 'data'
 119  0013              	db 0
 119  000A              @ROMDATA_BASE .section inpage 'code'
 119  000A              	db 0
 119  0014              @HCCINIT .section 'data'
文件：LT8920.c     编译器版本 HGASM 0202 页次18

 119  0014              	db 0
 119  000A              @ROMDATA_BASE .section inpage 'code'
 119  000A              	db 0
 119  0015              @HCCINIT .section 'data'
 119  0015              	db 0
 119  000B              @ROMDATA_BASE .section inpage 'code'
 119  000B              	db 0
 119  0016              @HCCINIT .section 'data'
 119  0016              	db 0
 119  000B              @ROMDATA_BASE .section inpage 'code'
 119  000B              	db 0
 119  0017              @HCCINIT .section 'data'
 119  0017              	db 0
 119  000C              @ROMDATA_BASE .section inpage 'code'
 119  000C              	db 0
 119  0018              @HCCINIT .section 'data'
 116  0018              #line 116 "E:\jim\project\A2021\RF392\copy from pc\RF392A003_V01\lt8920\LT8920.c"
 116  0018              public _RegL
 116  0000              @HCCINIT0 .section 'data'
 116  0000              _RegL	db 0
 116  0001              #pragma debug variable 8 1 _RegL "RegL"
 116  0001              
 116  0018              @HCCINIT .section 'data'
 115  0018              #line 115 "E:\jim\project\A2021\RF392\copy from pc\RF392A003_V01\lt8920\LT8920.c"
 115  0018              public _RegH
 115  0001              @HCCINIT0 .section 'data'
 115  0001              _RegH	db 0
 115  0002              #pragma debug variable 8 1 _RegH "RegH"
 115  0002              
 115  0018              @HCCINIT .section 'data'
 115  0018              public _regIndex
 114  0018              #line 114 "E:\jim\project\A2021\RF392\copy from pc\RF392A003_V01\lt8920\LT8920.c"
 114  0018              @HCCINIT .section 'data'
 114  0018              _regIndex label byte
 114  0018              #pragma debug variable 8 1 _regIndex "regIndex"
 114  0018              	db 0
 114  000C              @ROMDATA_BASE .section inpage 'code'
 114  000C              	db 0
 114  0019              @HCCINIT .section 'data'
 114  0019              public _spicount
 113  0019              #line 113 "E:\jim\project\A2021\RF392\copy from pc\RF392A003_V01\lt8920\LT8920.c"
 113  0019              @HCCINIT .section 'data'
 113  0019              _spicount label byte
 113  0019              #pragma debug variable 8 1 _spicount "spicount"
 113  0019              	db 0
 113  000D              @ROMDATA_BASE .section inpage 'code'
 113  000D              	db 0
 113  001A              @HCCINIT .section 'data'
 113  001A              public _reglowvalue
 112  001A              #line 112 "E:\jim\project\A2021\RF392\copy from pc\RF392A003_V01\lt8920\LT8920.c"
 112  001A              @HCCINIT .section 'data'
 112  001A              _reglowvalue label byte
 112  001A              #pragma debug variable 8 1 _reglowvalue "reglowvalue"
 112  001A              	db 0
 112  000D              @ROMDATA_BASE .section inpage 'code'
 112  000D              	db 0
 112  001B              @HCCINIT .section 'data'
 112  001B              public _reghighvalue
 111  001B              #line 111 "E:\jim\project\A2021\RF392\copy from pc\RF392A003_V01\lt8920\LT8920.c"
 111  001B              @HCCINIT .section 'data'
文件：LT8920.c     编译器版本 HGASM 0202 页次19

 111  001B              _reghighvalue label byte
 111  001B              #pragma debug variable 8 1 _reghighvalue "reghighvalue"
 111  001B              	db 0
 111  000E              @ROMDATA_BASE .section inpage 'code'
 111  000E              	db 0
 111  001C              @HCCINIT .section 'data'
 111  001C              public _it8920reg
 110  001C              #line 110 "E:\jim\project\A2021\RF392\copy from pc\RF392A003_V01\lt8920\LT8920.c"
 110  001C              @HCCINIT .section 'data'
 110  001C              _it8920reg label byte
 110  001C              #pragma debug variable 8 1 _it8920reg "it8920reg"
 110  001C              	db 0
 110  000E              @ROMDATA_BASE .section inpage 'code'
 110  000E              	db 0
 110  001D              @HCCINIT .section 'data'
 110  001D              public _itcounter
 109  001D              #line 109 "E:\jim\project\A2021\RF392\copy from pc\RF392A003_V01\lt8920\LT8920.c"
 109  001D              @HCCINIT .section 'data'
 109  001D              _itcounter label byte
 109  001D              #pragma debug variable 12 1 _itcounter "itcounter"
 109  001D              	db 0
 109  000F              @ROMDATA_BASE .section inpage 'code'
 109  000F              	db 0
 109  001E              @HCCINIT .section 'data'
 109  001E              	db 0
 109  000F              @ROMDATA_BASE .section inpage 'code'
 109  000F              	db 0
 109  001F              @HCCINIT .section 'data'
 109  001F              public _it8920realdyrxdata
 109  0000              @crom	.section 'crom'
 104  0000              #line 104 "E:\jim\project\A2021\RF392\copy from pc\RF392A003_V01\lt8920\LT8920.c"
 104  0000              @crom	.section	'crom'
 104  0000              _it8920realdyrxdata:
 104  0000              #pragma debug array 44 8 3 1
 104  0000              #pragma debug array 44 8 3 1
 104  0000              #pragma debug array 45 44 1 1
 104  0000              #pragma debug array 45 44 1 1
 104  0000              #pragma debug variable 45 1 _it8920realdyrxdata "it8920realdyrxdata"
 104  0000              	db 52
 104  0001              	db -128
 104  0001              	db -128
 104  0002              public _it8920compttx
 100  0002              #line 100 "E:\jim\project\A2021\RF392\copy from pc\RF392A003_V01\lt8920\LT8920.c"
 100  0002              @crom	.section	'crom'
 100  0002              _it8920compttx:
 100  0002              #pragma debug variable 45 1 _it8920compttx "it8920compttx"
 100  0002              	db 41
 100  0002              	db -80
 100  0003              	db 0
 100  0003              public _it8920sleepdata
  96  0003              #line 96 "E:\jim\project\A2021\RF392\copy from pc\RF392A003_V01\lt8920\LT8920.c"
  96  0003              @crom	.section	'crom'
  96  0003              _it8920sleepdata:
  96  0003              #pragma debug variable 45 1 _it8920sleepdata "it8920sleepdata"
  96  0003              	db 35
  96  0004              	db 69
  96  0004              	db 0
  96  0005              public _it8920realdytxdata
  91  0005              #line 91 "E:\jim\project\A2021\RF392\copy from pc\RF392A003_V01\lt8920\LT8920.c"
  91  0005              @crom	.section	'crom'
文件：LT8920.c     编译器版本 HGASM 0202 页次20

  91  0005              _it8920realdytxdata:
  91  0005              #pragma debug array 46 44 2 1
  91  0005              #pragma debug array 46 44 2 1
  91  0005              #pragma debug variable 46 1 _it8920realdytxdata "it8920realdytxdata"
  91  0005              	db 41
  91  0005              	db -72
  91  0006              	db 0
  91  0006              	db 52
  91  0007              	db -128
  91  0007              	db -128
  91  0008              public _it8920rftstarry
  83  0008              #line 83 "E:\jim\project\A2021\RF392\copy from pc\RF392A003_V01\lt8920\LT8920.c"
  83  0008              @crom	.section	'crom'
  83  0008              _it8920rftstarry:
  83  0008              #pragma debug array 47 44 5 1
  83  0008              #pragma debug array 47 44 5 1
  83  0008              #pragma debug variable 47 1 _it8920rftstarry "it8920rftstarry"
  83  0008              	db 7
  83  0008              	db 0
  83  0009              	db 0
  83  0009              	db 32
  83  000A              	db 24
  83  000A              	db 7
  83  000B              	db 34
  83  000B              	db -125
  83  000C              	db 11
  83  000C              	db 11
  83  000D              	db -128
  83  000D              	db 8
  83  000E              	db 7
  83  000E              	db 1
  83  000F              	db 48
  83  000F              public _it8920regarry
  47  000F              #line 47 "E:\jim\project\A2021\RF392\copy from pc\RF392A003_V01\lt8920\LT8920.c"
  47  000F              @crom	.section	'crom'
  47  000F              _it8920regarry:
  47  000F              #pragma debug array 48 44 33 1
  47  000F              #pragma debug array 48 44 33 1
  47  000F              #pragma debug variable 48 1 _it8920regarry "it8920regarry"
  47  000F              	db 0
  47  0010              	db 111
  47  0010              	db -32
  47  0011              	db 1
  47  0011              	db 86
  47  0012              	db -127
  47  0012              	db 2
  47  0013              	db 102
  47  0013              	db 23
  47  0014              	db 4
  47  0014              	db -100
  47  0015              	db -55
  47  0015              	db 5
  47  0016              	db 102
  47  0016              	db 55
  47  0017              	db 7
  47  0017              	db 0
  47  0018              	db 0
  47  0018              	db 8
  47  0019              	db 108
  47  0019              	db -112
文件：LT8920.c     编译器版本 HGASM 0202 页次21

  47  001A              	db 9
  47  001A              	db 72
  47  001B              	db 0
  47  001B              	db 10
  47  001C              	db 127
  47  001C              	db -3
  47  001D              	db 11
  47  001D              	db 0
  47  001E              	db 8
  47  001E              	db 12
  47  001F              	db 0
  47  001F              	db 0
  47  0020              	db 13
  47  0020              	db 72
  47  0021              	db -67
  47  0021              	db 22
  47  0022              	db 0
  47  0022              	db -1
  47  0023              	db 23
  47  0023              	db -128
  47  0024              	db 5
  47  0024              	db 24
  47  0025              	db 0
  47  0025              	db 103
  47  0026              	db 25
  47  0026              	db 22
  47  0027              	db 89
  47  0027              	db 26
  47  0028              	db 25
  47  0028              	db -32
  47  0029              	db 27
  47  0029              	db 19
  47  002A              	db 0
  47  002A              	db 28
  47  002B              	db 24
  47  002B              	db 0
  47  002C              	db 32
  47  002C              	db 72
  47  002D              	db 0
  47  002D              	db 33
  47  002E              	db 63
  47  002E              	db -57
  47  002F              	db 34
  47  002F              	db 32
  47  0030              	db 0
  47  0030              	db 35
  47  0031              	db 3
  47  0031              	db 0
  47  0032              	db 36
  47  0032              	db 5
  47  0033              	db 10
  47  0033              	db 37
  47  0034              	db 3
  47  0034              	db -128
  47  0035              	db 38
  47  0035              	db 90
  47  0036              	db 90
  47  0036              	db 39
  47  0037              	db 85
  47  0037              	db -86
文件：LT8920.c     编译器版本 HGASM 0202 页次22

  47  0038              	db 40
  47  0038              	db 68
  47  0039              	db 2
  47  0039              	db 41
  47  003A              	db -72
  47  003A              	db 0
  47  003B              	db 42
  47  003B              	db -3
  47  003C              	db -80
  47  003C              	db 43
  47  003D              	db 0
  47  003D              	db 15
  47  003E              	db 44
  47  003E              	db 1
  47  003F              	db 0
  47  003F              	db 45
  47  0040              	db 1
  47  0040              	db 82
  47  0041              public _itykaddr3
  47  001F              @HCCINIT	.section 'data'
  41  001F              #line 41 "E:\jim\project\A2021\RF392\copy from pc\RF392A003_V01\lt8920\LT8920.c"
  41  001F              @HCCINIT .section 'data'
  41  001F              _itykaddr3 label byte
  41  001F              #pragma debug variable 8 1 _itykaddr3 "itykaddr3"
  41  001F              	db 0
  41  0010              @ROMDATA_BASE .section inpage 'code'
  41  0010              	db 0
  41  0020              @HCCINIT .section 'data'
  41  0020              public _itykaddr2
  40  0020              #line 40 "E:\jim\project\A2021\RF392\copy from pc\RF392A003_V01\lt8920\LT8920.c"
  40  0020              @HCCINIT .section 'data'
  40  0020              _itykaddr2 label byte
  40  0020              #pragma debug variable 8 1 _itykaddr2 "itykaddr2"
  40  0020              	db 0
  40  0010              @ROMDATA_BASE .section inpage 'code'
  40  0010              	db 0
  40  0021              @HCCINIT .section 'data'
  40  0021              public _itykaddr1
  39  0021              #line 39 "E:\jim\project\A2021\RF392\copy from pc\RF392A003_V01\lt8920\LT8920.c"
  39  0021              @HCCINIT .section 'data'
  39  0021              _itykaddr1 label byte
  39  0021              #pragma debug variable 8 1 _itykaddr1 "itykaddr1"
  39  0021              	db 0
  39  0011              @ROMDATA_BASE .section inpage 'code'
  39  0011              	db 0
  39  0022              @HCCINIT .section 'data'
  39  0022              public _itykaddr0
  38  0022              #line 38 "E:\jim\project\A2021\RF392\copy from pc\RF392A003_V01\lt8920\LT8920.c"
  38  0022              @HCCINIT .section 'data'
  38  0022              _itykaddr0 label byte
  38  0022              #pragma debug variable 8 1 _itykaddr0 "itykaddr0"
  38  0022              	db 0
  38  0011              @ROMDATA_BASE .section inpage 'code'
  38  0011              	db 0
  38  0023              @HCCINIT .section 'data'
  38  0023              #pragma debug struct_end
  38  0023              #pragma debug struct_end
  38  0023              #pragma debug union_end
  38  0023              #pragma debug union_end
  38  0023              #pragma debug variable 50 1 ___intc0 "__intc0" 1
文件：LT8920.c     编译器版本 HGASM 0202 页次23

  38  0023              #pragma debug struct_end
  38  0023              #pragma debug struct_end
  38  0023              #pragma debug union_end
  38  0023              #pragma debug union_end
  38  0023              #pragma debug variable 52 1 ___pa "__pa" 1
  38  0023              #pragma debug struct_end
  38  0023              #pragma debug struct_end
  38  0023              #pragma debug union_end
  38  0023              #pragma debug union_end
  38  0023              #pragma debug variable 54 1 ___pac "__pac" 1
  38  0023              #pragma debug struct_end
  38  0023              #pragma debug struct_end
  38  0023              #pragma debug union_end
  38  0023              #pragma debug union_end
  38  0023              #pragma debug variable 56 1 ___papu "__papu" 1
  38  0023              #pragma debug struct_end
  38  0023              #pragma debug struct_end
  38  0023              #pragma debug union_end
  38  0023              #pragma debug union_end
  38  0023              #pragma debug variable 58 1 ___pd "__pd" 1
  38  0023              #pragma debug struct_end
  38  0023              #pragma debug struct_end
  38  0023              #pragma debug union_end
  38  0023              #pragma debug union_end
  38  0023              #pragma debug variable 60 1 ___pdc "__pdc" 1
  38  0023              #pragma debug struct_end
  38  0023              #pragma debug struct_end
  38  0023              #pragma debug union_end
  38  0023              #pragma debug union_end
  38  0023              #pragma debug variable 62 1 ___pdpu "__pdpu" 1
  38  0023              #pragma debug variable 43 1 _rftxdatadstarry "rftxdatadstarry" 19
  38  0023              
  38  0023              ; output external variables
  38  0023              extern _EE_read_addr:byte
  38  0023              extern _eeprom_Read:near
  38  0023              
  38  0023              ; 
  38  0023              ; Generated by holtek-gcc v3.19, Wed Jan 27 13:56:23 2021
  38  0023              ; Rebuild 718
  38  0023              ; end of file


        0 Errors, 0